<?xml version="1.0" encoding="UTF-8" ?>
<testsuite tests="4" failures="0" name="org.dice.parsing.TestQueryLexer" time="0.002" errors="0" skipped="0">
  <properties>
[...]
</properties>
  <testcase classname="org.dice.parsing.TestQueryLexer" name="doesNotIdentifyAndWhenAbsent" time="0"/>
  <testcase classname="org.dice.parsing.TestQueryLexer" name="identifiesAndQuery" time="0"/>
  <testcase classname="org.dice.parsing.TestQueryLexer" name="doesNotIdentifyBasicQueryAsAdvanced" time="0"/>
  <testcase classname="org.dice.parsing.TestQueryLexer" name="identifiesAdvancedQuery" time="0.002"/>
</testsuite>